{"uuid":"fdf720ee-7fca-4e26-99e1-3d4773c813ff","name":"order a product","historyId":"b2c4546c4f9e37b53c007037c35db3bf:5bd835b0d6b1d4ada3b9f0db936e82c8","status":"failed","statusDetails":{"message":"Error: locator.click: Target page, context or browser has been closed\nCall log:\n  - waiting for getByRole('link', { name: 'Add to cart' }).first()\n    - waiting for navigation to finish...\n    - navigated to \"https://automationexercise.com/brand_products/H&M\"\n    - locator resolved to <a data-product-id=\"2\" href=\"javascript:void();\" class=\"btn btn-default add-to-cart\">…</a>\n  - attempting click action\n    - waiting for element to be visible, enabled and stable\n    - element is visible, enabled and stable\n    - scrolling into view if needed\n    - done scrolling\n","trace":"Error: locator.click: Target page, context or browser has been closed\nCall log:\n  - waiting for getByRole('link', { name: 'Add to cart' }).first()\n    - waiting for navigation to finish...\n    - navigated to \"https://automationexercise.com/brand_products/H&M\"\n    - locator resolved to <a data-product-id=\"2\" href=\"javascript:void();\" class=\"btn btn-default add-to-cart\">…</a>\n  - attempting click action\n    - waiting for element to be visible, enabled and stable\n    - element is visible, enabled and stable\n    - scrolling into view if needed\n    - done scrolling\n\n    at ProductPage.addProductToCart (/Users/testvagranttechnologies/Desktop/Projects/Playwright_Capstone_Project/pages/automation_exercise/product.page.ts:21:33)\n    at /Users/testvagranttechnologies/Desktop/Projects/Playwright_Capstone_Project/tests/automation_exercise.spec.ts:48:5"},"stage":"finished","steps":[{"status":"passed","statusDetails":{},"stage":"finished","steps":[{"status":"passed","statusDetails":{},"stage":"finished","steps":[{"status":"passed","statusDetails":{},"stage":"finished","steps":[],"attachments":[],"parameters":[],"name":"Launch browser","start":1768144481773,"uuid":"1c99de5f-d447-4797-840c-ed0706bb75f5","stop":1768144483566}],"attachments":[],"parameters":[],"name":"Fixture \"browser\"","start":1768144481770,"uuid":"a17e9a75-0030-49ba-b609-60be978e5464","stop":1768144483567},{"status":"passed","statusDetails":{},"stage":"finished","steps":[{"status":"passed","statusDetails":{},"stage":"finished","steps":[],"attachments":[],"parameters":[],"name":"Create context","start":1768144483571,"uuid":"1a7dd1f8-94d1-4f55-951d-0d9eae5e5005","stop":1768144483585}],"attachments":[],"parameters":[],"name":"Fixture \"context\"","start":1768144483568,"uuid":"14d22cc6-6cb4-4f4b-a682-96b98b67ca60","stop":1768144483585},{"status":"passed","statusDetails":{},"stage":"finished","steps":[{"status":"passed","statusDetails":{},"stage":"finished","steps":[],"attachments":[],"parameters":[],"name":"Create page","start":1768144483586,"uuid":"b42ad923-e173-401b-b194-e95ce42ea7af","stop":1768144484656}],"attachments":[],"parameters":[],"name":"Fixture \"page\"","start":1768144483586,"uuid":"2983ff3f-a1c4-4c7b-a619-dc0943d1ec0d","stop":1768144484657}],"attachments":[],"parameters":[],"name":"Before Hooks","start":1768144481764,"uuid":"355e2763-9fae-4657-8f8d-ab6ab71b8e4e","stop":1768144484657},{"status":"passed","statusDetails":{},"stage":"finished","steps":[],"attachments":[],"parameters":[],"start":1768144484663,"name":"Navigate to \"/login\"","uuid":"4515b04c-7901-435e-afa4-4792c485bcd8","stop":1768144520143},{"status":"passed","statusDetails":{},"stage":"finished","steps":[],"attachments":[],"parameters":[],"start":1768144520150,"name":"Fill \"testuser489100\" getByPlaceholder('Name')","uuid":"ae18ac19-f707-44bf-900c-b5755d567440","stop":1768144520191},{"status":"passed","statusDetails":{},"stage":"finished","steps":[],"attachments":[],"parameters":[],"start":1768144520192,"name":"Fill \"testuser858100@gmail.com\" locator('//form[@action=\"/signup\"]').getByPlaceholder('Email Address')","uuid":"7bd0a952-516c-4da0-b322-bb509e7de07a","stop":1768144520217},{"status":"passed","statusDetails":{},"stage":"finished","steps":[],"attachments":[],"parameters":[],"start":1768144520218,"name":"Click getByRole('button', { name: 'Signup' })","uuid":"376aa6ea-49be-45dd-b096-8e39bb77df02","stop":1768144528600},{"status":"passed","statusDetails":{},"stage":"finished","steps":[],"attachments":[],"parameters":[],"start":1768144528608,"name":"Check getByRole('radio').first()","uuid":"50741063-72ab-4f55-ae95-ba6d489b66b2","stop":1768144528742},{"status":"passed","statusDetails":{},"stage":"finished","steps":[],"attachments":[],"parameters":[],"start":1768144528742,"name":"Fill \"Passwor@2123\" getByRole('textbox', { name: 'Password *' })","uuid":"2797eea7-5b1f-433e-8040-5400b89c2975","stop":1768144528749},{"status":"passed","statusDetails":{},"stage":"finished","steps":[],"attachments":[],"parameters":[],"start":1768144528750,"name":"Select option getByRole('combobox').first()","uuid":"b03a5eed-6660-4810-9c4d-621890e7be6b","stop":1768144528754},{"status":"passed","statusDetails":{},"stage":"finished","steps":[],"attachments":[],"parameters":[],"start":1768144528754,"name":"Select option getByRole('combobox').nth(1)","uuid":"f4817d1b-03d6-42a5-8b4f-3985f9058e9a","stop":1768144528758},{"status":"passed","statusDetails":{},"stage":"finished","steps":[],"attachments":[],"parameters":[],"start":1768144528759,"name":"Select option getByRole('combobox').nth(2)","uuid":"4f8f9ef5-3c4d-4ba1-8595-21e977b1821c","stop":1768144528764},{"status":"passed","statusDetails":{},"stage":"finished","steps":[],"attachments":[],"parameters":[],"start":1768144528765,"name":"Fill \"Jerome\" getByRole('textbox', { name: 'First name *' })","uuid":"e36ee6b5-bd2c-4048-afdb-5431b006f5c8","stop":1768144528779},{"status":"passed","statusDetails":{},"stage":"finished","steps":[],"attachments":[],"parameters":[],"start":1768144528779,"name":"Fill \"Langworth\" getByRole('textbox', { name: 'Last name *' })","uuid":"89dfdc01-fc66-4bf9-a776-f22cd34634bc","stop":1768144528791},{"status":"passed","statusDetails":{},"stage":"finished","steps":[],"attachments":[],"parameters":[],"start":1768144528792,"name":"Fill \"960 Bryana Road\" getByRole('textbox', { name: 'Company', exact: true })","uuid":"8d4b4ba4-ed00-4019-8738-87dbb909a77d","stop":1768144528802},{"status":"passed","statusDetails":{},"stage":"finished","steps":[],"attachments":[],"parameters":[],"start":1768144528803,"name":"Fill \"Saint Lucia\" getByRole('textbox', { name: 'Address * (Street address, P.O. Box, Company name, etc.)' })","uuid":"35b01d9a-a53e-4f4b-821b-c1b9962384bf","stop":1768144528811},{"status":"passed","statusDetails":{},"stage":"finished","steps":[],"attachments":[],"parameters":[],"start":1768144528812,"name":"Select option getByRole('combobox', { name: 'Country *' })","uuid":"0a0b61ae-0148-4690-baf2-2e6c4f650a9a","stop":1768144528815},{"status":"passed","statusDetails":{},"stage":"finished","steps":[],"attachments":[],"parameters":[],"start":1768144528815,"name":"Fill \"Alabama\" getByRole('textbox', { name: 'State *' })","uuid":"43eb1714-bd95-443c-986b-ea6dc6c744b0","stop":1768144528819},{"status":"passed","statusDetails":{},"stage":"finished","steps":[],"attachments":[],"parameters":[],"start":1768144528820,"name":"Fill \"Fort Noemy\" getByRole('textbox', { name: 'City *' })","uuid":"56d863b7-221f-425e-849a-a9cbd14a8796","stop":1768144528838},{"status":"passed","statusDetails":{},"stage":"finished","steps":[],"attachments":[],"parameters":[],"start":1768144528842,"name":"Expect \"toBeTruthy\" getByRole('textbox', { name: 'City *' })","uuid":"5b58e346-00cd-4f4b-aa56-50e1cfebbbfb","stop":1768144528842},{"status":"passed","statusDetails":{},"stage":"finished","steps":[],"attachments":[],"parameters":[],"start":1768144528843,"name":"Fill \"95367\" getByRole('textbox').nth(10)","uuid":"ebf569cd-c3d5-458f-a6b9-f19a12738f52","stop":1768144528855},{"status":"passed","statusDetails":{},"stage":"finished","steps":[],"attachments":[],"parameters":[],"start":1768144528857,"name":"Fill \"300.402.0390 x06702\" getByRole('textbox', { name: 'Mobile Number * ' })","uuid":"606be244-43fc-4f18-a368-9511b18b96d3","stop":1768144528866},{"status":"passed","statusDetails":{},"stage":"finished","steps":[],"attachments":[],"parameters":[],"start":1768144528867,"name":"Click getByRole('button', { name: 'Create Account' })","uuid":"038c8eed-cf82-4d54-b62e-01342568895d","stop":1768144537709},{"status":"passed","statusDetails":{},"stage":"finished","steps":[],"attachments":[],"parameters":[],"start":1768144537712,"name":"Expect \"toContain\"","uuid":"b5e7300c-8f7d-46ca-b8c7-88d91003d7aa","stop":1768144537713},{"status":"passed","statusDetails":{},"stage":"finished","steps":[],"attachments":[],"parameters":[],"start":1768144537713,"name":"Click getByRole('link', { name: 'Continue' })","uuid":"2d93b8f9-b86e-4a51-8a16-c52f7921236d","stop":1768144539965},{"status":"passed","statusDetails":{},"stage":"finished","steps":[],"attachments":[],"parameters":[],"start":1768144539966,"name":"Wait for load state \"networkidle\"","uuid":"c3a97fc2-00fa-4d03-a595-0b8ad6635547","stop":1768144670544},{"status":"passed","statusDetails":{},"stage":"finished","steps":[],"attachments":[],"parameters":[],"start":1768144670548,"name":"Pause","uuid":"43b54c97-d601-4c64-896b-beea31ad68a5","stop":1768144677574},{"status":"passed","statusDetails":{},"stage":"finished","steps":[],"attachments":[],"parameters":[],"start":1768144677578,"name":"Wait for load state \"domcontentloaded\"","uuid":"ebcf2aca-a27c-4ece-990b-4b5fcc9c7de8","stop":1768144677579},{"status":"passed","statusDetails":{},"stage":"finished","steps":[],"attachments":[],"parameters":[],"start":1768144677580,"name":"Click getByRole('link', { name: 'H&M' })","uuid":"801b07f2-0813-4539-9f2c-d07f006a1db8","stop":1768144679273},{"status":"failed","statusDetails":{"message":"Error: locator.click: Target page, context or browser has been closed\nCall log:\n  - waiting for getByRole('link', { name: 'Add to cart' }).first()\n    - waiting for navigation to finish...\n    - navigated to \"https://automationexercise.com/brand_products/H&M\"\n    - locator resolved to <a data-product-id=\"2\" href=\"javascript:void();\" class=\"btn btn-default add-to-cart\">…</a>\n  - attempting click action\n    - waiting for element to be visible, enabled and stable\n    - element is visible, enabled and stable\n    - scrolling into view if needed\n    - done scrolling\n","trace":"Error: locator.click: Target page, context or browser has been closed\nCall log:\n  - waiting for getByRole('link', { name: 'Add to cart' }).first()\n    - waiting for navigation to finish...\n    - navigated to \"https://automationexercise.com/brand_products/H&M\"\n    - locator resolved to <a data-product-id=\"2\" href=\"javascript:void();\" class=\"btn btn-default add-to-cart\">…</a>\n  - attempting click action\n    - waiting for element to be visible, enabled and stable\n    - element is visible, enabled and stable\n    - scrolling into view if needed\n    - done scrolling\n\n    at ProductPage.addProductToCart (/Users/testvagranttechnologies/Desktop/Projects/Playwright_Capstone_Project/pages/automation_exercise/product.page.ts:21:33)\n    at /Users/testvagranttechnologies/Desktop/Projects/Playwright_Capstone_Project/tests/automation_exercise.spec.ts:48:5"},"stage":"finished","steps":[],"attachments":[],"parameters":[],"start":1768144679277,"name":"Click getByRole('link', { name: 'Add to cart' }).first()","uuid":"716dc930-00d1-43e2-9b25-50d38e8907e3","stop":1768144708181},{"status":"failed","statusDetails":{"message":"Error: browserContext.close: Test ended.\nBrowser logs:\n\n<launching> /Users/testvagranttechnologies/Library/Caches/ms-playwright/chromium-1200/chrome-mac-arm64/Google Chrome for Testing.app/Contents/MacOS/Google Chrome for Testing --disable-field-trial-config --disable-background-networking --disable-background-timer-throttling --disable-backgrounding-occluded-windows --disable-back-forward-cache --disable-breakpad --disable-client-side-phishing-detection --disable-component-extensions-with-background-pages --disable-component-update --no-default-browser-check --disable-default-apps --disable-dev-shm-usage --disable-extensions --disable-features=AcceptCHFrame,AvoidUnnecessaryBeforeUnloadCheckSync,DestroyProfileOnBrowserClose,DialMediaRouteProvider,GlobalMediaControls,HttpsUpgrades,LensOverlay,MediaRouter,PaintHolding,ThirdPartyStoragePartitioning,Translate,AutoDeElevate,RenderDocument,OptimizationHints --enable-features=CDPScreenshotNewSurface --allow-pre-commit-input --disable-hang-monitor --disable-ipc-flooding-protection --disable-popup-blocking --disable-prompt-on-repost --disable-renderer-backgrounding --force-color-profile=srgb --metrics-recording-only --no-first-run --password-store=basic --use-mock-keychain --no-service-autorun --export-tagged-pdf --disable-search-engine-choice-screen --unsafely-disable-devtools-self-xss-warnings --edge-skip-compat-layer-relaunch --enable-automation --disable-infobars --disable-search-engine-choice-screen --disable-sync --enable-unsafe-swiftshader --no-sandbox --user-data-dir=/var/folders/s9/m_w335r152n2bl9qqx6fm2380000gn/T/playwright_chromiumdev_profile-uadxTm --remote-debugging-pipe --no-startup-window\n<launched> pid=98722\n[pid=98722][err] [98722:4239548:0111/204450.377302:ERROR:google_apis/gcm/engine/registration_request.cc:292] Registration response error message: DEPRECATED_ENDPOINT\n[pid=98722][err] [98722:4239548:0111/204518.119751:ERROR:google_apis/gcm/engine/registration_request.cc:292] Registration response error message: DEPRECATED_ENDPOINT\n[pid=98722][err] [98766:4240145:0111/204520.610167:ERROR:sandbox/mac/system_services.cc:31] SetApplicationIsDaemon: Error Domain=NSOSStatusErrorDomain Code=-50 \"paramErr: error in user parameter list\" (-50)\n[pid=98722][err] [98722:4239493:0111/204535.195093:ERROR:components/device_event_log/device_event_log_impl.cc:198] [20:45:35.194] FIDO: touch_id_context.mm:89 Touch ID authenticator unavailable because keychain-access-group entitlement is missing or incorrect. Expected value: .com.google.chrome.for.testing.webauthn\n[pid=98722][err] [98732:4239567:0111/204539.957035:ERROR:gpu/command_buffer/service/shared_image/shared_image_manager.cc:397] SharedImageManager::ProduceSkia: Trying to Produce a Skia representation from a non-existent mailbox.\n[pid=98722][err] [98722:4239493:0111/204541.875114:ERROR:components/device_event_log/device_event_log_impl.cc:198] [20:45:41.875] FIDO: touch_id_context.mm:89 Touch ID authenticator unavailable because keychain-access-group entitlement is missing or incorrect. Expected value: .com.google.chrome.for.testing.webauthn\n[pid=98722][err] [98722:4239548:0111/204559.293509:ERROR:google_apis/gcm/engine/registration_request.cc:292] Registration response error message: DEPRECATED_ENDPOINT\n[pid=98722][err] [98722:4239548:0111/204734.700410:ERROR:google_apis/gcm/engine/registration_request.cc:292] Registration response error message: DEPRECATED_ENDPOINT\n[pid=98722] <gracefully close start>\n[pid=98722][err] [98732:4239567:0111/204828.157793:ERROR:gpu/command_buffer/service/shared_image/shared_image_manager.cc:397] SharedImageManager::ProduceSkia: Trying to Produce a Skia representation from a non-existent mailbox.","trace":"Error: browserContext.close: Test ended.\nBrowser logs:\n\n<launching> /Users/testvagranttechnologies/Library/Caches/ms-playwright/chromium-1200/chrome-mac-arm64/Google Chrome for Testing.app/Contents/MacOS/Google Chrome for Testing --disable-field-trial-config --disable-background-networking --disable-background-timer-throttling --disable-backgrounding-occluded-windows --disable-back-forward-cache --disable-breakpad --disable-client-side-phishing-detection --disable-component-extensions-with-background-pages --disable-component-update --no-default-browser-check --disable-default-apps --disable-dev-shm-usage --disable-extensions --disable-features=AcceptCHFrame,AvoidUnnecessaryBeforeUnloadCheckSync,DestroyProfileOnBrowserClose,DialMediaRouteProvider,GlobalMediaControls,HttpsUpgrades,LensOverlay,MediaRouter,PaintHolding,ThirdPartyStoragePartitioning,Translate,AutoDeElevate,RenderDocument,OptimizationHints --enable-features=CDPScreenshotNewSurface --allow-pre-commit-input --disable-hang-monitor --disable-ipc-flooding-protection --disable-popup-blocking --disable-prompt-on-repost --disable-renderer-backgrounding --force-color-profile=srgb --metrics-recording-only --no-first-run --password-store=basic --use-mock-keychain --no-service-autorun --export-tagged-pdf --disable-search-engine-choice-screen --unsafely-disable-devtools-self-xss-warnings --edge-skip-compat-layer-relaunch --enable-automation --disable-infobars --disable-search-engine-choice-screen --disable-sync --enable-unsafe-swiftshader --no-sandbox --user-data-dir=/var/folders/s9/m_w335r152n2bl9qqx6fm2380000gn/T/playwright_chromiumdev_profile-uadxTm --remote-debugging-pipe --no-startup-window\n<launched> pid=98722\n[pid=98722][err] [98722:4239548:0111/204450.377302:ERROR:google_apis/gcm/engine/registration_request.cc:292] Registration response error message: DEPRECATED_ENDPOINT\n[pid=98722][err] [98722:4239548:0111/204518.119751:ERROR:google_apis/gcm/engine/registration_request.cc:292] Registration response error message: DEPRECATED_ENDPOINT\n[pid=98722][err] [98766:4240145:0111/204520.610167:ERROR:sandbox/mac/system_services.cc:31] SetApplicationIsDaemon: Error Domain=NSOSStatusErrorDomain Code=-50 \"paramErr: error in user parameter list\" (-50)\n[pid=98722][err] [98722:4239493:0111/204535.195093:ERROR:components/device_event_log/device_event_log_impl.cc:198] [20:45:35.194] FIDO: touch_id_context.mm:89 Touch ID authenticator unavailable because keychain-access-group entitlement is missing or incorrect. Expected value: .com.google.chrome.for.testing.webauthn\n[pid=98722][err] [98732:4239567:0111/204539.957035:ERROR:gpu/command_buffer/service/shared_image/shared_image_manager.cc:397] SharedImageManager::ProduceSkia: Trying to Produce a Skia representation from a non-existent mailbox.\n[pid=98722][err] [98722:4239493:0111/204541.875114:ERROR:components/device_event_log/device_event_log_impl.cc:198] [20:45:41.875] FIDO: touch_id_context.mm:89 Touch ID authenticator unavailable because keychain-access-group entitlement is missing or incorrect. Expected value: .com.google.chrome.for.testing.webauthn\n[pid=98722][err] [98722:4239548:0111/204559.293509:ERROR:google_apis/gcm/engine/registration_request.cc:292] Registration response error message: DEPRECATED_ENDPOINT\n[pid=98722][err] [98722:4239548:0111/204734.700410:ERROR:google_apis/gcm/engine/registration_request.cc:292] Registration response error message: DEPRECATED_ENDPOINT\n[pid=98722] <gracefully close start>\n[pid=98722][err] [98732:4239567:0111/204828.157793:ERROR:gpu/command_buffer/service/shared_image/shared_image_manager.cc:397] SharedImageManager::ProduceSkia: Trying to Produce a Skia representation from a non-existent mailbox."},"stage":"finished","steps":[{"status":"passed","statusDetails":{},"stage":"finished","steps":[],"attachments":[],"parameters":[],"name":"Fixture \"page\"","start":1768144708179,"uuid":"02365de7-e102-409f-99a4-666f93883df9","stop":1768144708179},{"status":"failed","statusDetails":{"message":"Error: browserContext.close: Test ended.\nBrowser logs:\n\n<launching> /Users/testvagranttechnologies/Library/Caches/ms-playwright/chromium-1200/chrome-mac-arm64/Google Chrome for Testing.app/Contents/MacOS/Google Chrome for Testing --disable-field-trial-config --disable-background-networking --disable-background-timer-throttling --disable-backgrounding-occluded-windows --disable-back-forward-cache --disable-breakpad --disable-client-side-phishing-detection --disable-component-extensions-with-background-pages --disable-component-update --no-default-browser-check --disable-default-apps --disable-dev-shm-usage --disable-extensions --disable-features=AcceptCHFrame,AvoidUnnecessaryBeforeUnloadCheckSync,DestroyProfileOnBrowserClose,DialMediaRouteProvider,GlobalMediaControls,HttpsUpgrades,LensOverlay,MediaRouter,PaintHolding,ThirdPartyStoragePartitioning,Translate,AutoDeElevate,RenderDocument,OptimizationHints --enable-features=CDPScreenshotNewSurface --allow-pre-commit-input --disable-hang-monitor --disable-ipc-flooding-protection --disable-popup-blocking --disable-prompt-on-repost --disable-renderer-backgrounding --force-color-profile=srgb --metrics-recording-only --no-first-run --password-store=basic --use-mock-keychain --no-service-autorun --export-tagged-pdf --disable-search-engine-choice-screen --unsafely-disable-devtools-self-xss-warnings --edge-skip-compat-layer-relaunch --enable-automation --disable-infobars --disable-search-engine-choice-screen --disable-sync --enable-unsafe-swiftshader --no-sandbox --user-data-dir=/var/folders/s9/m_w335r152n2bl9qqx6fm2380000gn/T/playwright_chromiumdev_profile-uadxTm --remote-debugging-pipe --no-startup-window\n<launched> pid=98722\n[pid=98722][err] [98722:4239548:0111/204450.377302:ERROR:google_apis/gcm/engine/registration_request.cc:292] Registration response error message: DEPRECATED_ENDPOINT\n[pid=98722][err] [98722:4239548:0111/204518.119751:ERROR:google_apis/gcm/engine/registration_request.cc:292] Registration response error message: DEPRECATED_ENDPOINT\n[pid=98722][err] [98766:4240145:0111/204520.610167:ERROR:sandbox/mac/system_services.cc:31] SetApplicationIsDaemon: Error Domain=NSOSStatusErrorDomain Code=-50 \"paramErr: error in user parameter list\" (-50)\n[pid=98722][err] [98722:4239493:0111/204535.195093:ERROR:components/device_event_log/device_event_log_impl.cc:198] [20:45:35.194] FIDO: touch_id_context.mm:89 Touch ID authenticator unavailable because keychain-access-group entitlement is missing or incorrect. Expected value: .com.google.chrome.for.testing.webauthn\n[pid=98722][err] [98732:4239567:0111/204539.957035:ERROR:gpu/command_buffer/service/shared_image/shared_image_manager.cc:397] SharedImageManager::ProduceSkia: Trying to Produce a Skia representation from a non-existent mailbox.\n[pid=98722][err] [98722:4239493:0111/204541.875114:ERROR:components/device_event_log/device_event_log_impl.cc:198] [20:45:41.875] FIDO: touch_id_context.mm:89 Touch ID authenticator unavailable because keychain-access-group entitlement is missing or incorrect. Expected value: .com.google.chrome.for.testing.webauthn\n[pid=98722][err] [98722:4239548:0111/204559.293509:ERROR:google_apis/gcm/engine/registration_request.cc:292] Registration response error message: DEPRECATED_ENDPOINT\n[pid=98722][err] [98722:4239548:0111/204734.700410:ERROR:google_apis/gcm/engine/registration_request.cc:292] Registration response error message: DEPRECATED_ENDPOINT\n[pid=98722] <gracefully close start>\n[pid=98722][err] [98732:4239567:0111/204828.157793:ERROR:gpu/command_buffer/service/shared_image/shared_image_manager.cc:397] SharedImageManager::ProduceSkia: Trying to Produce a Skia representation from a non-existent mailbox.","trace":"Error: browserContext.close: Test ended.\nBrowser logs:\n\n<launching> /Users/testvagranttechnologies/Library/Caches/ms-playwright/chromium-1200/chrome-mac-arm64/Google Chrome for Testing.app/Contents/MacOS/Google Chrome for Testing --disable-field-trial-config --disable-background-networking --disable-background-timer-throttling --disable-backgrounding-occluded-windows --disable-back-forward-cache --disable-breakpad --disable-client-side-phishing-detection --disable-component-extensions-with-background-pages --disable-component-update --no-default-browser-check --disable-default-apps --disable-dev-shm-usage --disable-extensions --disable-features=AcceptCHFrame,AvoidUnnecessaryBeforeUnloadCheckSync,DestroyProfileOnBrowserClose,DialMediaRouteProvider,GlobalMediaControls,HttpsUpgrades,LensOverlay,MediaRouter,PaintHolding,ThirdPartyStoragePartitioning,Translate,AutoDeElevate,RenderDocument,OptimizationHints --enable-features=CDPScreenshotNewSurface --allow-pre-commit-input --disable-hang-monitor --disable-ipc-flooding-protection --disable-popup-blocking --disable-prompt-on-repost --disable-renderer-backgrounding --force-color-profile=srgb --metrics-recording-only --no-first-run --password-store=basic --use-mock-keychain --no-service-autorun --export-tagged-pdf --disable-search-engine-choice-screen --unsafely-disable-devtools-self-xss-warnings --edge-skip-compat-layer-relaunch --enable-automation --disable-infobars --disable-search-engine-choice-screen --disable-sync --enable-unsafe-swiftshader --no-sandbox --user-data-dir=/var/folders/s9/m_w335r152n2bl9qqx6fm2380000gn/T/playwright_chromiumdev_profile-uadxTm --remote-debugging-pipe --no-startup-window\n<launched> pid=98722\n[pid=98722][err] [98722:4239548:0111/204450.377302:ERROR:google_apis/gcm/engine/registration_request.cc:292] Registration response error message: DEPRECATED_ENDPOINT\n[pid=98722][err] [98722:4239548:0111/204518.119751:ERROR:google_apis/gcm/engine/registration_request.cc:292] Registration response error message: DEPRECATED_ENDPOINT\n[pid=98722][err] [98766:4240145:0111/204520.610167:ERROR:sandbox/mac/system_services.cc:31] SetApplicationIsDaemon: Error Domain=NSOSStatusErrorDomain Code=-50 \"paramErr: error in user parameter list\" (-50)\n[pid=98722][err] [98722:4239493:0111/204535.195093:ERROR:components/device_event_log/device_event_log_impl.cc:198] [20:45:35.194] FIDO: touch_id_context.mm:89 Touch ID authenticator unavailable because keychain-access-group entitlement is missing or incorrect. Expected value: .com.google.chrome.for.testing.webauthn\n[pid=98722][err] [98732:4239567:0111/204539.957035:ERROR:gpu/command_buffer/service/shared_image/shared_image_manager.cc:397] SharedImageManager::ProduceSkia: Trying to Produce a Skia representation from a non-existent mailbox.\n[pid=98722][err] [98722:4239493:0111/204541.875114:ERROR:components/device_event_log/device_event_log_impl.cc:198] [20:45:41.875] FIDO: touch_id_context.mm:89 Touch ID authenticator unavailable because keychain-access-group entitlement is missing or incorrect. Expected value: .com.google.chrome.for.testing.webauthn\n[pid=98722][err] [98722:4239548:0111/204559.293509:ERROR:google_apis/gcm/engine/registration_request.cc:292] Registration response error message: DEPRECATED_ENDPOINT\n[pid=98722][err] [98722:4239548:0111/204734.700410:ERROR:google_apis/gcm/engine/registration_request.cc:292] Registration response error message: DEPRECATED_ENDPOINT\n[pid=98722] <gracefully close start>\n[pid=98722][err] [98732:4239567:0111/204828.157793:ERROR:gpu/command_buffer/service/shared_image/shared_image_manager.cc:397] SharedImageManager::ProduceSkia: Trying to Produce a Skia representation from a non-existent mailbox."},"stage":"finished","steps":[{"status":"failed","statusDetails":{"message":"Error: browserContext.close: Test ended.\nBrowser logs:\n\n<launching> /Users/testvagranttechnologies/Library/Caches/ms-playwright/chromium-1200/chrome-mac-arm64/Google Chrome for Testing.app/Contents/MacOS/Google Chrome for Testing --disable-field-trial-config --disable-background-networking --disable-background-timer-throttling --disable-backgrounding-occluded-windows --disable-back-forward-cache --disable-breakpad --disable-client-side-phishing-detection --disable-component-extensions-with-background-pages --disable-component-update --no-default-browser-check --disable-default-apps --disable-dev-shm-usage --disable-extensions --disable-features=AcceptCHFrame,AvoidUnnecessaryBeforeUnloadCheckSync,DestroyProfileOnBrowserClose,DialMediaRouteProvider,GlobalMediaControls,HttpsUpgrades,LensOverlay,MediaRouter,PaintHolding,ThirdPartyStoragePartitioning,Translate,AutoDeElevate,RenderDocument,OptimizationHints --enable-features=CDPScreenshotNewSurface --allow-pre-commit-input --disable-hang-monitor --disable-ipc-flooding-protection --disable-popup-blocking --disable-prompt-on-repost --disable-renderer-backgrounding --force-color-profile=srgb --metrics-recording-only --no-first-run --password-store=basic --use-mock-keychain --no-service-autorun --export-tagged-pdf --disable-search-engine-choice-screen --unsafely-disable-devtools-self-xss-warnings --edge-skip-compat-layer-relaunch --enable-automation --disable-infobars --disable-search-engine-choice-screen --disable-sync --enable-unsafe-swiftshader --no-sandbox --user-data-dir=/var/folders/s9/m_w335r152n2bl9qqx6fm2380000gn/T/playwright_chromiumdev_profile-uadxTm --remote-debugging-pipe --no-startup-window\n<launched> pid=98722\n[pid=98722][err] [98722:4239548:0111/204450.377302:ERROR:google_apis/gcm/engine/registration_request.cc:292] Registration response error message: DEPRECATED_ENDPOINT\n[pid=98722][err] [98722:4239548:0111/204518.119751:ERROR:google_apis/gcm/engine/registration_request.cc:292] Registration response error message: DEPRECATED_ENDPOINT\n[pid=98722][err] [98766:4240145:0111/204520.610167:ERROR:sandbox/mac/system_services.cc:31] SetApplicationIsDaemon: Error Domain=NSOSStatusErrorDomain Code=-50 \"paramErr: error in user parameter list\" (-50)\n[pid=98722][err] [98722:4239493:0111/204535.195093:ERROR:components/device_event_log/device_event_log_impl.cc:198] [20:45:35.194] FIDO: touch_id_context.mm:89 Touch ID authenticator unavailable because keychain-access-group entitlement is missing or incorrect. Expected value: .com.google.chrome.for.testing.webauthn\n[pid=98722][err] [98732:4239567:0111/204539.957035:ERROR:gpu/command_buffer/service/shared_image/shared_image_manager.cc:397] SharedImageManager::ProduceSkia: Trying to Produce a Skia representation from a non-existent mailbox.\n[pid=98722][err] [98722:4239493:0111/204541.875114:ERROR:components/device_event_log/device_event_log_impl.cc:198] [20:45:41.875] FIDO: touch_id_context.mm:89 Touch ID authenticator unavailable because keychain-access-group entitlement is missing or incorrect. Expected value: .com.google.chrome.for.testing.webauthn\n[pid=98722][err] [98722:4239548:0111/204559.293509:ERROR:google_apis/gcm/engine/registration_request.cc:292] Registration response error message: DEPRECATED_ENDPOINT\n[pid=98722][err] [98722:4239548:0111/204734.700410:ERROR:google_apis/gcm/engine/registration_request.cc:292] Registration response error message: DEPRECATED_ENDPOINT\n[pid=98722] <gracefully close start>\n[pid=98722][err] [98732:4239567:0111/204828.157793:ERROR:gpu/command_buffer/service/shared_image/shared_image_manager.cc:397] SharedImageManager::ProduceSkia: Trying to Produce a Skia representation from a non-existent mailbox.","trace":"Error: browserContext.close: Test ended.\nBrowser logs:\n\n<launching> /Users/testvagranttechnologies/Library/Caches/ms-playwright/chromium-1200/chrome-mac-arm64/Google Chrome for Testing.app/Contents/MacOS/Google Chrome for Testing --disable-field-trial-config --disable-background-networking --disable-background-timer-throttling --disable-backgrounding-occluded-windows --disable-back-forward-cache --disable-breakpad --disable-client-side-phishing-detection --disable-component-extensions-with-background-pages --disable-component-update --no-default-browser-check --disable-default-apps --disable-dev-shm-usage --disable-extensions --disable-features=AcceptCHFrame,AvoidUnnecessaryBeforeUnloadCheckSync,DestroyProfileOnBrowserClose,DialMediaRouteProvider,GlobalMediaControls,HttpsUpgrades,LensOverlay,MediaRouter,PaintHolding,ThirdPartyStoragePartitioning,Translate,AutoDeElevate,RenderDocument,OptimizationHints --enable-features=CDPScreenshotNewSurface --allow-pre-commit-input --disable-hang-monitor --disable-ipc-flooding-protection --disable-popup-blocking --disable-prompt-on-repost --disable-renderer-backgrounding --force-color-profile=srgb --metrics-recording-only --no-first-run --password-store=basic --use-mock-keychain --no-service-autorun --export-tagged-pdf --disable-search-engine-choice-screen --unsafely-disable-devtools-self-xss-warnings --edge-skip-compat-layer-relaunch --enable-automation --disable-infobars --disable-search-engine-choice-screen --disable-sync --enable-unsafe-swiftshader --no-sandbox --user-data-dir=/var/folders/s9/m_w335r152n2bl9qqx6fm2380000gn/T/playwright_chromiumdev_profile-uadxTm --remote-debugging-pipe --no-startup-window\n<launched> pid=98722\n[pid=98722][err] [98722:4239548:0111/204450.377302:ERROR:google_apis/gcm/engine/registration_request.cc:292] Registration response error message: DEPRECATED_ENDPOINT\n[pid=98722][err] [98722:4239548:0111/204518.119751:ERROR:google_apis/gcm/engine/registration_request.cc:292] Registration response error message: DEPRECATED_ENDPOINT\n[pid=98722][err] [98766:4240145:0111/204520.610167:ERROR:sandbox/mac/system_services.cc:31] SetApplicationIsDaemon: Error Domain=NSOSStatusErrorDomain Code=-50 \"paramErr: error in user parameter list\" (-50)\n[pid=98722][err] [98722:4239493:0111/204535.195093:ERROR:components/device_event_log/device_event_log_impl.cc:198] [20:45:35.194] FIDO: touch_id_context.mm:89 Touch ID authenticator unavailable because keychain-access-group entitlement is missing or incorrect. Expected value: .com.google.chrome.for.testing.webauthn\n[pid=98722][err] [98732:4239567:0111/204539.957035:ERROR:gpu/command_buffer/service/shared_image/shared_image_manager.cc:397] SharedImageManager::ProduceSkia: Trying to Produce a Skia representation from a non-existent mailbox.\n[pid=98722][err] [98722:4239493:0111/204541.875114:ERROR:components/device_event_log/device_event_log_impl.cc:198] [20:45:41.875] FIDO: touch_id_context.mm:89 Touch ID authenticator unavailable because keychain-access-group entitlement is missing or incorrect. Expected value: .com.google.chrome.for.testing.webauthn\n[pid=98722][err] [98722:4239548:0111/204559.293509:ERROR:google_apis/gcm/engine/registration_request.cc:292] Registration response error message: DEPRECATED_ENDPOINT\n[pid=98722][err] [98722:4239548:0111/204734.700410:ERROR:google_apis/gcm/engine/registration_request.cc:292] Registration response error message: DEPRECATED_ENDPOINT\n[pid=98722] <gracefully close start>\n[pid=98722][err] [98732:4239567:0111/204828.157793:ERROR:gpu/command_buffer/service/shared_image/shared_image_manager.cc:397] SharedImageManager::ProduceSkia: Trying to Produce a Skia representation from a non-existent mailbox."},"stage":"finished","steps":[],"attachments":[],"parameters":[],"name":"Close context","start":1768144708184,"uuid":"f36849f3-cb29-4da6-a250-aa32eff5c4a8","stop":1768144708234}],"attachments":[],"parameters":[],"name":"Fixture \"context\"","start":1768144708179,"uuid":"15f6b5ba-c65a-4b25-91c3-f925a0c465ea","stop":1768144708235}],"attachments":[],"parameters":[],"name":"After Hooks","start":1768144708108,"uuid":"6e6f4996-45eb-4303-820d-1f5c87fb60b6","stop":1768144708241}],"attachments":[],"parameters":[{"name":"Project","value":"chromium"}],"labels":[{"name":"language","value":"javascript"},{"name":"framework","value":"playwright"},{"name":"package","value":"automation_exercise.spec.ts"},{"name":"titlePath","value":" > chromium > automation_exercise.spec.ts"},{"name":"host","value":"MacBookAir.lan"},{"name":"thread","value":"pid-98718-worker-0"},{"name":"parentSuite","value":"chromium"},{"name":"suite","value":"automation_exercise.spec.ts"}],"links":[],"start":1768144481771,"testCaseId":"b2c4546c4f9e37b53c007037c35db3bf","fullName":"automation_exercise.spec.ts:11:5","titlePath":["automation_exercise.spec.ts"],"stop":1768144706431}